0 info it worked if it ends with ok
1 verbose cli [ '/usr/local/bin/node', '/usr/local/bin/npm', 'run', 'push' ]
2 info using npm@3.10.3
3 info using node@v6.3.1
4 verbose run-script [ 'prepush', 'push', 'postpush' ]
5 info lifecycle iambulanz@1.0.0-1~prepush: iambulanz@1.0.0-1
6 silly lifecycle iambulanz@1.0.0-1~prepush: no script for prepush, continuing
7 info lifecycle iambulanz@1.0.0-1~push: iambulanz@1.0.0-1
8 verbose lifecycle iambulanz@1.0.0-1~push: unsafe-perm in lifecycle true
9 verbose lifecycle iambulanz@1.0.0-1~push: PATH: /usr/local/lib/node_modules/npm/bin/node-gyp-bin:/Users/danielkremin/Sites/iambulanz/node_modules/.bin:/usr/local/bin:/usr/local/bin:/usr/bin:/bin:/usr/sbin:/sbin:/usr/local/git/bin
10 verbose lifecycle iambulanz@1.0.0-1~push: CWD: /Users/danielkremin/Sites/iambulanz
11 silly lifecycle iambulanz@1.0.0-1~push: Args: [ '-c',
11 silly lifecycle   'git-ftp push --syncroot public -u matteng_de_9  -P - ftp://kontentftp.matteng.de/iambulanz/htdocs' ]
12 silly lifecycle iambulanz@1.0.0-1~push: Returned: code: 8  signal: null
13 info lifecycle iambulanz@1.0.0-1~push: Failed to exec push script
14 verbose stack Error: iambulanz@1.0.0-1 push: `git-ftp push --syncroot public -u matteng_de_9  -P - ftp://kontentftp.matteng.de/iambulanz/htdocs`
14 verbose stack Exit status 8
14 verbose stack     at EventEmitter.<anonymous> (/usr/local/lib/node_modules/npm/lib/utils/lifecycle.js:242:16)
14 verbose stack     at emitTwo (events.js:106:13)
14 verbose stack     at EventEmitter.emit (events.js:191:7)
14 verbose stack     at ChildProcess.<anonymous> (/usr/local/lib/node_modules/npm/lib/utils/spawn.js:40:14)
14 verbose stack     at emitTwo (events.js:106:13)
14 verbose stack     at ChildProcess.emit (events.js:191:7)
14 verbose stack     at maybeClose (internal/child_process.js:852:16)
14 verbose stack     at Process.ChildProcess._handle.onexit (internal/child_process.js:215:5)
15 verbose pkgid iambulanz@1.0.0-1
16 verbose cwd /Users/danielkremin/Sites/iambulanz
17 error Darwin 14.5.0
18 error argv "/usr/local/bin/node" "/usr/local/bin/npm" "run" "push"
19 error node v6.3.1
20 error npm  v3.10.3
21 error code ELIFECYCLE
22 error iambulanz@1.0.0-1 push: `git-ftp push --syncroot public -u matteng_de_9  -P - ftp://kontentftp.matteng.de/iambulanz/htdocs`
22 error Exit status 8
23 error Failed at the iambulanz@1.0.0-1 push script 'git-ftp push --syncroot public -u matteng_de_9  -P - ftp://kontentftp.matteng.de/iambulanz/htdocs'.
23 error Make sure you have the latest version of node.js and npm installed.
23 error If you do, this is most likely a problem with the iambulanz package,
23 error not with npm itself.
23 error Tell the author that this fails on your system:
23 error     git-ftp push --syncroot public -u matteng_de_9  -P - ftp://kontentftp.matteng.de/iambulanz/htdocs
23 error You can get information on how to open an issue for this project with:
23 error     npm bugs iambulanz
23 error Or if that isn't available, you can get their info via:
23 error     npm owner ls iambulanz
23 error There is likely additional logging output above.
24 verbose exit [ 1, true ]
